<?xml version="1.0" encoding="UTF-8"?>
<!-- Generated by org.testng.reporters.JUnitXMLReporter -->
<testsuite ignored="0" hostname="DESKTOP-4FFBNMC" failures="0" tests="4" name="Test1" time="217.627" errors="0" timestamp="2024-12-26T10:53:21 IST">
  <testcase classname="testClasses.HomePageTestClass" name="verifyAllTilesDisplayedOnHomePage" time="183.81">
    <skipped/>
  </testcase> <!-- verifyAllTilesDisplayedOnHomePage -->
  <testcase classname="testClasses.HomePageTestClass" name="verifyAllTilesDisplayedOnHomePage" time="3.141"/>
  <testcase classname="testClasses.HomePageTestClass" name="verifySuccessfulSignOut" time="4.405"/>
  <testcase classname="testClasses.HomePageTestClass" name="verifyTheTooltip_Calculator_isShowingWhileHoveringTheMouseOnCalculator" time="3.274"/>
</testsuite> <!-- Test1 -->
