<?xml version="1.0" encoding="UTF-8"?>
<!-- Generated by org.testng.reporters.JUnitXMLReporter -->
<testsuite ignored="0" hostname="DESKTOP-4FFBNMC" failures="0" tests="2" name="EdgeTest" time="0.077" errors="0" timestamp="2024-12-24T18:42:00 IST">
  <testcase classname="testClasses.ManageUserTestClass" name="verifyTheManageUsersPageIsOpenWhileClickingOnUsers" time="0.0">
    <skipped/>
  </testcase> <!-- verifyTheManageUsersPageIsOpenWhileClickingOnUsers -->
  <testcase classname="testClasses.ManageUserTestClass" name="verifyToAdd_aNewUser" time="0.001">
    <skipped/>
  </testcase> <!-- verifyToAdd_aNewUser -->
</testsuite> <!-- EdgeTest -->
