<?xml version="1.0" encoding="UTF-8"?>
<!-- Generated by org.testng.reporters.JUnitXMLReporter -->
<testsuite ignored="3" hostname="DESKTOP-4FFBNMC" failures="0" tests="15" name="EdgeTest" time="0.266" errors="0" timestamp="2024-12-24T18:51:18 IST">
  <testcase classname="testClasses.ManageUserTestClass" name="verifyTheManageUsersPageIsOpenWhileClickingOnUsers" time="0.0">
    <skipped/>
  </testcase> <!-- verifyTheManageUsersPageIsOpenWhileClickingOnUsers -->
  <testcase classname="testClasses.ManageUserTestClass" name="verifyToAdd_aNewUser" time="0.0">
    <skipped/>
  </testcase> <!-- verifyToAdd_aNewUser -->
  <testcase classname="testClasses.ManageProductTestClass" name="verifyProductsPageIsOpenWhileClickingOnListProducts" time="0.0">
    <skipped/>
  </testcase> <!-- verifyProductsPageIsOpenWhileClickingOnListProducts -->
  <testcase classname="testClasses.ManageProductTestClass" name="verifyToCreateA_newProduct" time="0.0">
    <skipped/>
  </testcase> <!-- verifyToCreateA_newProduct -->
  <testcase classname="testClasses.ManageProductTestClass" name="verifyToDeleteAddedProduct" time="0.0">
    <skipped/>
  </testcase> <!-- verifyToDeleteAddedProduct -->
  <testcase classname="testClasses.HomePageTestClass" name="verifyAllTilesDisplayedOnHomePage" time="0.0">
    <skipped/>
  </testcase> <!-- verifyAllTilesDisplayedOnHomePage -->
  <testcase classname="testClasses.HomePageTestClass" name="verifySuccessfulSignOut" time="0.0">
    <skipped/>
  </testcase> <!-- verifySuccessfulSignOut -->
  <testcase classname="testClasses.HomePageTestClass" name="verifyTheTooltip_Calculator_isShowingWhileHoveringTheMouseOnCalculator" time="0.0">
    <skipped/>
  </testcase> <!-- verifyTheTooltip_Calculator_isShowingWhileHoveringTheMouseOnCalculator -->
  <testcase classname="testClasses.LoginPageTestClass" name="verifyTheExactURL_OpensWhileHittingTheBaseURL" time="0.0">
    <skipped/>
  </testcase> <!-- verifyTheExactURL_OpensWhileHittingTheBaseURL -->
  <testcase classname="testClasses.LoginPageTestClass" name="verifyTheRememberMeCheckboxIsSelectedByDefault" time="0.0">
    <skipped/>
  </testcase> <!-- verifyTheRememberMeCheckboxIsSelectedByDefault -->
  <testcase classname="testClasses.LoginPageTestClass" name="verifyResetPasswordPageComingWhileChickingOnForgotYourPassword" time="0.0">
    <skipped/>
  </testcase> <!-- verifyResetPasswordPageComingWhileChickingOnForgotYourPassword -->
  <testcase classname="testClasses.LoginPageTestClass" name="verifyUnsuccessfulLoginOfTheSite" time="0.0">
    <skipped/>
  </testcase> <!-- verifyUnsuccessfulLoginOfTheSite -->
  <testcase classname="testClasses.LoginPageTestClass" name="verifyUnsuccessfulLoginOfTheSite" time="0.0">
    <skipped/>
  </testcase> <!-- verifyUnsuccessfulLoginOfTheSite -->
  <testcase classname="testClasses.LoginPageTestClass" name="verifyUnsuccessfulLoginOfTheSite" time="0.0">
    <skipped/>
  </testcase> <!-- verifyUnsuccessfulLoginOfTheSite -->
  <testcase classname="testClasses.LoginPageTestClass" name="verifySuccessfullLogin" time="0.0">
    <skipped/>
  </testcase> <!-- verifySuccessfullLogin -->
  <testcase classname="testClasses.BaseClass" name="@BeforeSuite createReport" time="0.0">
    <ignored/>
  </testcase> <!-- @BeforeSuite createReport -->
  <testcase classname="testClasses.BaseClass" name="@BeforeSuite createReport" time="0.0">
    <ignored/>
  </testcase> <!-- @BeforeSuite createReport -->
  <testcase classname="testClasses.BaseClass" name="@BeforeSuite createReport" time="0.0">
    <ignored/>
  </testcase> <!-- @BeforeSuite createReport -->
</testsuite> <!-- EdgeTest -->
