<?xml version="1.0" encoding="UTF-8"?>
<!-- Generated by org.testng.reporters.JUnitXMLReporter -->
<testsuite ignored="1" hostname="DESKTOP-4FFBNMC" failures="0" tests="1" name="Default test" time="21.104" errors="0" timestamp="2024-12-23T18:39:48 IST">
  <testcase classname="testClasses.ManageUserTestClass" name="verifyToAdd_aNewUser" time="14.249"/>
  <testcase classname="testClasses.ManageUserTestClass" name="verifyTheManageUsersPageIsOpenWhileClickingOnUsers" time="0.0">
    <ignored/>
  </testcase> <!-- verifyTheManageUsersPageIsOpenWhileClickingOnUsers -->
</testsuite> <!-- Default test -->
